#
# A fatal error has been detected by the Java Runtime Environment:
#
#  SIGSEGV (0xb) at pc=0x000000010015bf88, pid=7620, tid=0x0000000000000307
#
# JRE version: Java(TM) SE Runtime Environment (8.0_111-b14) (build 1.8.0_111-b14)
# Java VM: Java HotSpot(TM) 64-Bit Server VM (25.111-b14 mixed mode bsd-amd64 compressed oops)
# Problematic frame:
# C  [node+0x15bf88]  v8::Object::Get(v8::Local<v8::Value>)+0x18
#
# Failed to write core dump. Core dumps have been disabled. To enable core dumping, try "ulimit -c unlimited" before starting Java again
#
# If you would like to submit a bug report, please visit:
#   http://bugreport.java.com/bugreport/crash.jsp
# The crash happened outside the Java Virtual Machine in native code.
# See problematic frame for where to report the bug.
#

---------------  T H R E A D  ---------------

Current thread (0x0000000104048000):  JavaThread "main" [_thread_in_native, id=775, stack(0x00007fff5f400000,0x00007fff5fc00000)]

siginfo: si_signo: 11 (SIGSEGV), si_code: 1 (SEGV_MAPERR), si_addr: 0x0000000000000000

Registers:
RAX=0xfffffffffff00000, RBX=0x0000000000000000, RCX=0x00001967991c4e79, RDX=0x00001967991c4eb1
RSP=0x00007fff5fbf43b0, RBP=0x00007fff5fbf43d0, RSI=0x0000000102803a90, RDI=0x0000000000000000
R8 =0x0000000000000000, R9 =0x0000000000000000, R10=0x0000000000000009, R11=0x00001967991c4ec9
R12=0x9c8687148a12004d, R13=0x00000001040481f8, R14=0x0000000102803a90, R15=0x0000000000000000
RIP=0x000000010015bf88, EFLAGS=0x0000000000010206, ERR=0x0000000000000004
  TRAPNO=0x000000000000000e

Top of Stack: (sp=0x00007fff5fbf43b0)
0x00007fff5fbf43b0:   0000000102803a90 9c8687148a12004d
0x00007fff5fbf43c0:   00007fff5fbf4561 0000000000000000
0x00007fff5fbf43d0:   00007fff5fbf45e0 0000000107b11ec5
0x00007fff5fbf43e0:   0000003000000020 0000000000000000
0x00007fff5fbf43f0:   0000000102150a00 000000000000002f
0x00007fff5fbf4400:   0000000000000482 0000000000000004
0x00007fff5fbf4410:   000000010250f198 0000000102302c30
0x00007fff5fbf4420:   000000010250f190 0000000102448210
0x00007fff5fbf4430:   0000000000000000 00000001024fc080
0x00007fff5fbf4440:   0000000102448210 0000000102448230
0x00007fff5fbf4450:   000000010241f7f0 0000000000000003
0x00007fff5fbf4460:   00000001040481f8 0000000102150a00
0x00007fff5fbf4470:   0000000102400000 0000000000000000
0x00007fff5fbf4480:   00000000000004a0 0000000000000004
0x00007fff5fbf4490:   00007fff5fbf4520 00007fffe39bc4be
0x00007fff5fbf44a0:   000000085fbf4510 000000010244a000
0x00007fff5fbf44b0:   000000010214d000 00000001024fc080
0x00007fff5fbf44c0:   000000010244a000 000000010244a030
0x00007fff5fbf44d0:   0000000000000003 0000000002448210
0x00007fff5fbf44e0:   0000000000000030 0000000102150a00
0x00007fff5fbf44f0:   0000000102400000 0000000000000000
0x00007fff5fbf4500:   0000000102150a00 0000000000000003
0x00007fff5fbf4510:   000000010214d000 0000000102400000
0x00007fff5fbf4520:   00007fff5fbf4590 00007fffe39bd0b5
0x00007fff5fbf4530:   00000001040481f8 0000000104048000
0x00007fff5fbf4540:   0000000000000000 0000000000000000
0x00007fff5fbf4550:   0000000000000000 000000010244a000
0x00007fff5fbf4560:   0000000000000041 0000000000000032
0x00007fff5fbf4570:   0000000102448210 00000001040481f8
0x00007fff5fbf4580:   0000000000000000 0000000103000000
0x00007fff5fbf4590:   0000000102803a70 00000001028051f0
0x00007fff5fbf45a0:   0000000102803a68 0000000000000031 

Instructions: (pc=0x000000010015bf88)
0x000000010015bf68:   0f 1f 84 00 00 00 00 00 55 48 89 e5 41 57 41 56
0x000000010015bf78:   41 54 53 49 89 f6 48 89 fb 48 c7 c0 00 00 f0 ff
0x000000010015bf88:   48 23 03 48 8b 40 38 48 8b 80 90 8e 00 00 31 f6
0x000000010015bf98:   48 85 c0 74 62 4c 8b 78 27 31 f6 4d 85 ff 74 57 

Register to memory mapping:

RAX=0xfffffffffff00000 is an unknown value
RBX=0x0000000000000000 is an unknown value
RCX=0x00001967991c4e79 is an unknown value
RDX=0x00001967991c4eb1 is an unknown value
RSP=0x00007fff5fbf43b0 is pointing into the stack for thread: 0x0000000104048000
RBP=0x00007fff5fbf43d0 is pointing into the stack for thread: 0x0000000104048000
RSI=0x0000000102803a90 is an unknown value
RDI=0x0000000000000000 is an unknown value
R8 =0x0000000000000000 is an unknown value
R9 =0x0000000000000000 is an unknown value
R10=0x0000000000000009 is an unknown value
R11=0x00001967991c4ec9 is an unknown value
R12=0x9c8687148a12004d is an unknown value
R13=0x00000001040481f8 is an unknown value
R14=0x0000000102803a90 is an unknown value
R15=0x0000000000000000 is an unknown value


Stack: [0x00007fff5f400000,0x00007fff5fc00000],  sp=0x00007fff5fbf43b0,  free space=8144k
Native frames: (J=compiled Java code, j=interpreted, Vv=VM code, C=native code)
C  [node+0x15bf88]  v8::Object::Get(v8::Local<v8::Value>)+0x18
C  [nodejavabridge_bindings.node+0x11ec5]  JavaObject::New(Java*, _jobject*)+0x435
C  [nodejavabridge_bindings.node+0x1a820]  javaToV8(Java*, JNIEnv_*, _jobject*, DynamicProxyData*)+0x4c0
C  [nodejavabridge_bindings.node+0x16212]  MethodCallBaton::resultsToV8(JNIEnv_*)+0xe2
C  [nodejavabridge_bindings.node+0x26ac]  Java::newInstanceSync(Nan::FunctionCallbackInfo<v8::Value> const&)+0x22c
C  [nodejavabridge_bindings.node+0x10463]  Nan::imp::FunctionCallbackWrapper(v8::FunctionCallbackInfo<v8::Value> const&)+0x93
C  [node+0x17ba9a]  v8::internal::FunctionCallbackArguments::Call(void (*)(v8::FunctionCallbackInfo<v8::Value> const&))+0x17a
C  [node+0x1df93c]  v8::internal::MaybeHandle<v8::internal::Object> v8::internal::(anonymous namespace)::HandleApiCallHelper<false>(v8::internal::Isolate*, v8::internal::Handle<v8::internal::HeapObject>, v8::internal::Handle<v8::internal::HeapObject>, v8::internal::Handle<v8::internal::FunctionTemplateInfo>, v8::internal::Handle<v8::internal::Object>, v8::internal::BuiltinArguments)+0x39c
C  [node+0x1ded79]  v8::internal::Builtin_Impl_HandleApiCall(v8::internal::BuiltinArguments, v8::internal::Isolate*)+0x119
C  0x00001c9d288063a7
C  0x00001c9d28b6e95e
C  0x00001c9d28b6e838
C  0x00001c9d28b6df3b
C  0x00001c9d28807e55
C  0x00001c9d2887eac0
C  0x00001c9d2887e8da
C  0x00001c9d28807e55
C  0x00001c9d28b6dde3
C  0x00001c9d28b6db9e
C  0x00001c9d28b6d876
C  0x00001c9d2884a7c3
C  0x00001c9d2882aa81
C  [node+0x4ff09b]  v8::internal::(anonymous namespace)::Invoke(v8::internal::Isolate*, bool, v8::internal::Handle<v8::internal::Object>, v8::internal::Handle<v8::internal::Object>, int, v8::internal::Handle<v8::internal::Object>*, v8::internal::Handle<v8::internal::Object>)+0x36b
C  [node+0x4ff48e]  v8::internal::Execution::TryCall(v8::internal::Isolate*, v8::internal::Handle<v8::internal::Object>, v8::internal::Handle<v8::internal::Object>, int, v8::internal::Handle<v8::internal::Object>*, v8::internal::MaybeHandle<v8::internal::Object>*)+0xee
C  [node+0x637216]  v8::internal::Isolate::RunMicrotasksInternal()+0x326
C  [node+0x636b8a]  v8::internal::Isolate::RunMicrotasks()+0x2a
C  [node+0x9c116f]  node::AsyncWrap::MakeCallback(v8::Local<v8::Function>, int, v8::Local<v8::Value>*)+0x355
C  [node+0x9f1251]  node::After(uv_fs_s*)+0x1f6
C  [node+0xbb25d9]  uv__work_done+0xb2
C  [node+0xbb423d]  uv__async_event+0xc6
C  [node+0xbb43d0]  uv__async_io+0x88
C  [node+0xbc3a19]  uv__io_poll+0x655
C  [node+0xbb4883]  uv_run+0x141
C  [node+0x9d6250]  node::Start(v8::Isolate*, node::IsolateData*, int, char const* const*, int, char const* const*)+0x171
C  [node+0x9d5f4e]  node::Start(uv_loop_s*, int, char const* const*, int, char const* const*)+0x1bf
C  [node+0x9d551d]  node::Start(int, char**)+0xfc
C  [node+0xe34]  start+0x34
C  0x0000000000000002


---------------  P R O C E S S  ---------------

Java Threads: ( => current thread )
  0x0000000105068800 JavaThread "Service Thread" daemon [_thread_blocked, id=23555, stack(0x00007000036d4000,0x00007000037d4000)]
  0x0000000102855800 JavaThread "C1 CompilerThread3" daemon [_thread_blocked, id=23043, stack(0x00007000035d1000,0x00007000036d1000)]
  0x000000010287b800 JavaThread "C2 CompilerThread2" daemon [_thread_blocked, id=22531, stack(0x00007000034ce000,0x00007000035ce000)]
  0x00000001050a9000 JavaThread "C2 CompilerThread1" daemon [_thread_blocked, id=22019, stack(0x00007000033cb000,0x00007000034cb000)]
  0x0000000104080000 JavaThread "C2 CompilerThread0" daemon [_thread_blocked, id=21507, stack(0x00007000032c8000,0x00007000033c8000)]
  0x000000010402f000 JavaThread "Signal Dispatcher" daemon [_thread_blocked, id=20995, stack(0x00007000031c5000,0x00007000032c5000)]
  0x00000001038b9800 JavaThread "Finalizer" daemon [_thread_blocked, id=15363, stack(0x0000700002f39000,0x0000700003039000)]
  0x00000001038b7000 JavaThread "Reference Handler" daemon [_thread_blocked, id=14851, stack(0x0000700002e36000,0x0000700002f36000)]
=>0x0000000104048000 JavaThread "main" [_thread_in_native, id=775, stack(0x00007fff5f400000,0x00007fff5fc00000)]

Other Threads:
  0x0000000104049000 VMThread [stack: 0x0000700002d33000,0x0000700002e33000] [id=14339]
  0x0000000102800800 WatcherThread [stack: 0x00007000037d7000,0x00007000038d7000] [id=24067]

VM state:not at safepoint (normal execution)

VM Mutex/Monitor currently owned by a thread: None

Heap:
 PSYoungGen      total 76288K, used 2621K [0x000000076ab00000, 0x0000000770000000, 0x00000007c0000000)
  eden space 65536K, 4% used [0x000000076ab00000,0x000000076ad8f5e8,0x000000076eb00000)
  from space 10752K, 0% used [0x000000076f580000,0x000000076f580000,0x0000000770000000)
  to   space 10752K, 0% used [0x000000076eb00000,0x000000076eb00000,0x000000076f580000)
 ParOldGen       total 175104K, used 0K [0x00000006c0000000, 0x00000006cab00000, 0x000000076ab00000)
  object space 175104K, 0% used [0x00000006c0000000,0x00000006c0000000,0x00000006cab00000)
 Metaspace       used 3025K, capacity 4554K, committed 4864K, reserved 1056768K
  class space    used 332K, capacity 390K, committed 512K, reserved 1048576K

Card table byte_map: [0x00000001097a1000,0x0000000109fa2000] byte_map_base: 0x00000001061a1000

Marking Bits: (ParMarkBitMap*) 0x00000001090efd20
 Begin Bits: [0x000000011d62b000, 0x000000012162b000)
 End Bits:   [0x000000012162b000, 0x000000012562b000)

Polling page: 0x00000001021f0000

CodeCache: size=245760Kb used=1181Kb max_used=1181Kb free=244578Kb
 bounds [0x000000010e62b000, 0x000000010e89b000, 0x000000011d62b000]
 total_blobs=290 nmethods=52 adapters=152
 compilation: enabled

Compilation events (10 events):
Event: 0.107 Thread 0x0000000102855800   49       3       java.lang.String::startsWith (7 bytes)
Event: 0.107 Thread 0x0000000102855800 nmethod 49 0x000000010e751150 code [0x000000010e7512c0, 0x000000010e7514c8]
Event: 0.107 Thread 0x0000000102855800   48       1       java.util.ArrayList::size (5 bytes)
Event: 0.107 Thread 0x0000000102855800 nmethod 48 0x000000010e751550 code [0x000000010e7516a0, 0x000000010e7517b0]
Event: 0.108 Thread 0x0000000102855800   50       3       java.lang.AbstractStringBuilder::newCapacity (39 bytes)
Event: 0.108 Thread 0x0000000102855800 nmethod 50 0x000000010e751810 code [0x000000010e7519a0, 0x000000010e751d88]
Event: 0.108 Thread 0x0000000102855800   51       3       java.lang.String::lastIndexOf (52 bytes)
Event: 0.108 Thread 0x0000000102855800 nmethod 51 0x000000010e751ed0 code [0x000000010e752060, 0x000000010e7523e8]
Event: 0.108 Thread 0x0000000102855800   52       1       java.net.URL::getProtocol (5 bytes)
Event: 0.108 Thread 0x0000000102855800 nmethod 52 0x000000010e752550 code [0x000000010e7526a0, 0x000000010e7527b0]

GC Heap History (0 events):
No events

Deoptimization events (0 events):
No events

Internal exceptions (6 events):
Event: 0.034 Thread 0x0000000104048000 Exception <a 'java/lang/NoSuchMethodError': Method sun.misc.Unsafe.defineClass(Ljava/lang/String;[BII)Ljava/lang/Class; name or signature does not match> (0x000000076ab07c78) thrown at [/Users/java_re/workspace/8-2-build-macosx-x86_64/jdk8u111/7883/hotspo
Event: 0.034 Thread 0x0000000104048000 Exception <a 'java/lang/NoSuchMethodError': Method sun.misc.Unsafe.prefetchRead(Ljava/lang/Object;J)V name or signature does not match> (0x000000076ab07f60) thrown at [/Users/java_re/workspace/8-2-build-macosx-x86_64/jdk8u111/7883/hotspot/src/share/vm/pri
Event: 0.085 Thread 0x0000000104048000 Exception <a 'java/security/PrivilegedActionException'> (0x000000076ab74860) thrown at [/Users/java_re/workspace/8-2-build-macosx-x86_64/jdk8u111/7883/hotspot/src/share/vm/prims/jvm.cpp, line 1386]
Event: 0.085 Thread 0x0000000104048000 Exception <a 'java/security/PrivilegedActionException'> (0x000000076ab74a70) thrown at [/Users/java_re/workspace/8-2-build-macosx-x86_64/jdk8u111/7883/hotspot/src/share/vm/prims/jvm.cpp, line 1386]
Event: 0.085 Thread 0x0000000104048000 Exception <a 'java/security/PrivilegedActionException'> (0x000000076ab755d0) thrown at [/Users/java_re/workspace/8-2-build-macosx-x86_64/jdk8u111/7883/hotspot/src/share/vm/prims/jvm.cpp, line 1386]
Event: 0.085 Thread 0x0000000104048000 Exception <a 'java/security/PrivilegedActionException'> (0x000000076ab757e0) thrown at [/Users/java_re/workspace/8-2-build-macosx-x86_64/jdk8u111/7883/hotspot/src/share/vm/prims/jvm.cpp, line 1386]

Events (10 events):
Event: 0.106 loading class java/lang/IndexOutOfBoundsException
Event: 0.106 loading class java/lang/IndexOutOfBoundsException done
Event: 0.107 loading class nodejava/org/apache/commons/lang3/reflect/MemberUtils
Event: 0.107 loading class nodejava/org/apache/commons/lang3/reflect/MemberUtils done
Event: 0.107 loading class java/lang/SecurityException
Event: 0.107 loading class java/lang/SecurityException done
Event: 0.107 loading class node/VarArgs
Event: 0.107 loading class node/VarArgs done
Event: 0.108 loading class sun/misc/URLClassPath$FileLoader$1
Event: 0.108 loading class sun/misc/URLClassPath$FileLoader$1 done


Dynamic libraries:
0x0000000058f1a000 	/System/Library/Frameworks/CoreFoundation.framework/Versions/A/CoreFoundation
0x0000000058f1a000 	/usr/lib/libSystem.B.dylib
0x0000000058f1a000 	/usr/lib/libc++.1.dylib
0x0000000058f1a000 	/usr/lib/libDiagnosticMessagesClient.dylib
0x0000000058f1a000 	/usr/lib/libicucore.A.dylib
0x0000000058f1a000 	/usr/lib/libobjc.A.dylib
0x0000000058f1a000 	/usr/lib/libz.1.dylib
0x0000000058f1a000 	/usr/lib/system/libcache.dylib
0x0000000058f1a000 	/usr/lib/system/libcommonCrypto.dylib
0x0000000058f1a000 	/usr/lib/system/libcompiler_rt.dylib
0x0000000058f1a000 	/usr/lib/system/libcopyfile.dylib
0x0000000058f1a000 	/usr/lib/system/libcorecrypto.dylib
0x0000000058f1a000 	/usr/lib/system/libdispatch.dylib
0x0000000058f1a000 	/usr/lib/system/libdyld.dylib
0x0000000058f1a000 	/usr/lib/system/libkeymgr.dylib
0x0000000058f1a000 	/usr/lib/system/liblaunch.dylib
0x0000000058f1a000 	/usr/lib/system/libmacho.dylib
0x0000000058f1a000 	/usr/lib/system/libquarantine.dylib
0x0000000058f1a000 	/usr/lib/system/libremovefile.dylib
0x0000000058f1a000 	/usr/lib/system/libsystem_asl.dylib
0x0000000058f1a000 	/usr/lib/system/libsystem_blocks.dylib
0x0000000058f1a000 	/usr/lib/system/libsystem_c.dylib
0x0000000058f1a000 	/usr/lib/system/libsystem_configuration.dylib
0x0000000058f1a000 	/usr/lib/system/libsystem_coreservices.dylib
0x0000000058f1a000 	/usr/lib/system/libsystem_coretls.dylib
0x0000000058f1a000 	/usr/lib/system/libsystem_dnssd.dylib
0x0000000058f1a000 	/usr/lib/system/libsystem_info.dylib
0x0000000058f1a000 	/usr/lib/system/libsystem_kernel.dylib
0x0000000058f1a000 	/usr/lib/system/libsystem_m.dylib
0x0000000058f1a000 	/usr/lib/system/libsystem_malloc.dylib
0x0000000058f1a000 	/usr/lib/system/libsystem_network.dylib
0x0000000058f1a000 	/usr/lib/system/libsystem_networkextension.dylib
0x0000000058f1a000 	/usr/lib/system/libsystem_notify.dylib
0x0000000058f1a000 	/usr/lib/system/libsystem_platform.dylib
0x0000000058f1a000 	/usr/lib/system/libsystem_pthread.dylib
0x0000000058f1a000 	/usr/lib/system/libsystem_sandbox.dylib
0x0000000058f1a000 	/usr/lib/system/libsystem_secinit.dylib
0x0000000058f1a000 	/usr/lib/system/libsystem_symptoms.dylib
0x0000000058f1a000 	/usr/lib/system/libsystem_trace.dylib
0x0000000058f1a000 	/usr/lib/system/libunwind.dylib
0x0000000058f1a000 	/usr/lib/system/libxpc.dylib
0x0000000058f1a000 	/usr/lib/libauto.dylib
0x0000000058f1a000 	/usr/lib/libc++abi.dylib
0x0000000107b00000 	/Users/hong/Documents/topic-analysis/node_modules/java/build/Release/nodejavabridge_bindings.node
0x0000000108800000 	/Library/Java/JavaVirtualMachines/jdk1.8.0_111.jdk/Contents/Home/jre/lib/server/libjvm.dylib
0x0000000058f1a000 	/usr/lib/libstdc++.6.dylib
0x00000001021e2000 	/Library/Java/JavaVirtualMachines/jdk1.8.0_111.jdk/Contents/Home/jre/lib/libverify.dylib
0x0000000107b79000 	/Library/Java/JavaVirtualMachines/jdk1.8.0_111.jdk/Contents/Home/jre/lib/libjava.dylib
0x0000000058f1a000 	/System/Library/Frameworks/Foundation.framework/Versions/C/Foundation
0x0000000058f1a000 	/System/Library/Frameworks/Security.framework/Versions/A/Security
0x0000000058f1a000 	/System/Library/Frameworks/SystemConfiguration.framework/Versions/A/SystemConfiguration
0x0000000058f1a000 	/System/Library/Frameworks/DiskArbitration.framework/Versions/A/DiskArbitration
0x0000000058f1a000 	/usr/lib/libarchive.2.dylib
0x0000000058f1a000 	/usr/lib/libxml2.2.dylib
0x0000000058f1a000 	/System/Library/Frameworks/CFNetwork.framework/Versions/A/CFNetwork
0x0000000058f1a000 	/System/Library/Frameworks/CoreServices.framework/Versions/A/CoreServices
0x0000000058f1a000 	/usr/lib/liblangid.dylib
0x0000000058f1a000 	/System/Library/Frameworks/IOKit.framework/Versions/A/IOKit
0x0000000058f1a000 	/usr/lib/libCRFSuite.dylib
0x0000000058f1a000 	/usr/lib/libenergytrace.dylib
0x0000000058f1a000 	/usr/lib/libbsm.0.dylib
0x0000000058f1a000 	/usr/lib/system/libkxld.dylib
0x0000000058f1a000 	/usr/lib/libcoretls.dylib
0x0000000058f1a000 	/usr/lib/libcoretls_cfhelpers.dylib
0x0000000058f1a000 	/usr/lib/libxar.1.dylib
0x0000000058f1a000 	/usr/lib/libsqlite3.dylib
0x0000000058f1a000 	/usr/lib/libpam.2.dylib
0x0000000058f1a000 	/usr/lib/libOpenScriptingUtil.dylib
0x0000000058f1a000 	/usr/lib/libbz2.1.0.dylib
0x0000000058f1a000 	/usr/lib/liblzma.5.dylib
0x0000000058f1a000 	/usr/lib/libnetwork.dylib
0x0000000058f1a000 	/usr/lib/libpcap.A.dylib
0x0000000058f1a000 	/System/Library/Frameworks/CoreServices.framework/Versions/A/Frameworks/FSEvents.framework/Versions/A/FSEvents
0x0000000058f1a000 	/System/Library/Frameworks/CoreServices.framework/Versions/A/Frameworks/CarbonCore.framework/Versions/A/CarbonCore
0x0000000058f1a000 	/System/Library/Frameworks/CoreServices.framework/Versions/A/Frameworks/Metadata.framework/Versions/A/Metadata
0x0000000058f1a000 	/System/Library/Frameworks/CoreServices.framework/Versions/A/Frameworks/OSServices.framework/Versions/A/OSServices
0x0000000058f1a000 	/System/Library/Frameworks/CoreServices.framework/Versions/A/Frameworks/SearchKit.framework/Versions/A/SearchKit
0x0000000058f1a000 	/System/Library/Frameworks/CoreServices.framework/Versions/A/Frameworks/AE.framework/Versions/A/AE
0x0000000058f1a000 	/System/Library/Frameworks/CoreServices.framework/Versions/A/Frameworks/LaunchServices.framework/Versions/A/LaunchServices
0x0000000058f1a000 	/System/Library/Frameworks/CoreServices.framework/Versions/A/Frameworks/DictionaryServices.framework/Versions/A/DictionaryServices
0x0000000058f1a000 	/System/Library/Frameworks/CoreServices.framework/Versions/A/Frameworks/SharedFileList.framework/Versions/A/SharedFileList
0x0000000058f1a000 	/System/Library/Frameworks/NetFS.framework/Versions/A/NetFS
0x0000000058f1a000 	/System/Library/PrivateFrameworks/NetAuth.framework/Versions/A/NetAuth
0x0000000058f1a000 	/System/Library/PrivateFrameworks/login.framework/Versions/A/Frameworks/loginsupport.framework/Versions/A/loginsupport
0x0000000058f1a000 	/System/Library/PrivateFrameworks/TCC.framework/Versions/A/TCC
0x0000000058f1a000 	/usr/lib/libmecabra.dylib
0x0000000058f1a000 	/System/Library/Frameworks/ApplicationServices.framework/Versions/A/ApplicationServices
0x0000000058f1a000 	/System/Library/Frameworks/CoreGraphics.framework/Versions/A/CoreGraphics
0x0000000058f1a000 	/System/Library/Frameworks/CoreText.framework/Versions/A/CoreText
0x0000000058f1a000 	/System/Library/Frameworks/ImageIO.framework/Versions/A/ImageIO
0x0000000058f1a000 	/System/Library/Frameworks/ApplicationServices.framework/Versions/A/Frameworks/ATS.framework/Versions/A/ATS
0x0000000058f1a000 	/System/Library/Frameworks/ApplicationServices.framework/Versions/A/Frameworks/ColorSync.framework/Versions/A/ColorSync
0x0000000058f1a000 	/System/Library/Frameworks/ApplicationServices.framework/Versions/A/Frameworks/HIServices.framework/Versions/A/HIServices
0x0000000058f1a000 	/System/Library/Frameworks/ApplicationServices.framework/Versions/A/Frameworks/LangAnalysis.framework/Versions/A/LangAnalysis
0x0000000058f1a000 	/System/Library/Frameworks/ApplicationServices.framework/Versions/A/Frameworks/PrintCore.framework/Versions/A/PrintCore
0x0000000058f1a000 	/System/Library/Frameworks/ApplicationServices.framework/Versions/A/Frameworks/QD.framework/Versions/A/QD
0x0000000058f1a000 	/System/Library/Frameworks/ApplicationServices.framework/Versions/A/Frameworks/SpeechSynthesis.framework/Versions/A/SpeechSynthesis
0x0000000058f1a000 	/System/Library/Frameworks/Accelerate.framework/Versions/A/Accelerate
0x0000000058f1a000 	/System/Library/Frameworks/Accelerate.framework/Versions/A/Frameworks/vImage.framework/Versions/A/vImage
0x0000000058f1a000 	/System/Library/Frameworks/Accelerate.framework/Versions/A/Frameworks/vecLib.framework/Versions/A/vecLib
0x0000000058f1a000 	/System/Library/Frameworks/Accelerate.framework/Versions/A/Frameworks/vecLib.framework/Versions/A/libvDSP.dylib
0x0000000058f1a000 	/System/Library/Frameworks/Accelerate.framework/Versions/A/Frameworks/vecLib.framework/Versions/A/libBNNS.dylib
0x0000000058f1a000 	/System/Library/Frameworks/Accelerate.framework/Versions/A/Frameworks/vecLib.framework/Versions/A/libQuadrature.dylib
0x0000000058f1a000 	/System/Library/Frameworks/Accelerate.framework/Versions/A/Frameworks/vecLib.framework/Versions/A/libvMisc.dylib
0x0000000058f1a000 	/System/Library/Frameworks/Accelerate.framework/Versions/A/Frameworks/vecLib.framework/Versions/A/libLAPACK.dylib
0x0000000058f1a000 	/System/Library/Frameworks/Accelerate.framework/Versions/A/Frameworks/vecLib.framework/Versions/A/libBLAS.dylib
0x0000000058f1a000 	/System/Library/Frameworks/Accelerate.framework/Versions/A/Frameworks/vecLib.framework/Versions/A/libLinearAlgebra.dylib
0x0000000058f1a000 	/System/Library/Frameworks/Accelerate.framework/Versions/A/Frameworks/vecLib.framework/Versions/A/libSparseBLAS.dylib
0x0000000058f1a000 	/System/Library/Frameworks/ApplicationServices.framework/Versions/A/Frameworks/ATS.framework/Versions/A/Resources/libFontParser.dylib
0x0000000058f1a000 	/System/Library/Frameworks/ApplicationServices.framework/Versions/A/Frameworks/ATS.framework/Versions/A/Resources/libFontRegistry.dylib
0x0000000058f1a000 	/System/Library/Frameworks/ImageIO.framework/Versions/A/Resources/libJPEG.dylib
0x0000000058f1a000 	/System/Library/Frameworks/ImageIO.framework/Versions/A/Resources/libTIFF.dylib
0x0000000058f1a000 	/System/Library/Frameworks/ImageIO.framework/Versions/A/Resources/libPng.dylib
0x0000000058f1a000 	/System/Library/Frameworks/ImageIO.framework/Versions/A/Resources/libGIF.dylib
0x0000000058f1a000 	/System/Library/Frameworks/ImageIO.framework/Versions/A/Resources/libJP2.dylib
0x0000000058f1a000 	/System/Library/Frameworks/ImageIO.framework/Versions/A/Resources/libRadiance.dylib
0x0000000058f1a000 	/usr/lib/libcompression.dylib
0x0000000058f1a000 	/System/Library/PrivateFrameworks/AppleJPEG.framework/Versions/A/AppleJPEG
0x0000000058f1a000 	/System/Library/Frameworks/IOSurface.framework/Versions/A/IOSurface
0x0000000058f1a000 	/System/Library/PrivateFrameworks/MultitouchSupport.framework/Versions/A/MultitouchSupport
0x0000000058f1a000 	/usr/lib/libcups.2.dylib
0x0000000058f1a000 	/System/Library/Frameworks/Kerberos.framework/Versions/A/Kerberos
0x0000000058f1a000 	/System/Library/Frameworks/GSS.framework/Versions/A/GSS
0x0000000058f1a000 	/usr/lib/libresolv.9.dylib
0x0000000058f1a000 	/usr/lib/libiconv.2.dylib
0x0000000058f1a000 	/System/Library/PrivateFrameworks/Heimdal.framework/Versions/A/Heimdal
0x0000000058f1a000 	/usr/lib/libheimdal-asn1.dylib
0x0000000058f1a000 	/System/Library/Frameworks/OpenDirectory.framework/Versions/A/OpenDirectory
0x0000000058f1a000 	/System/Library/PrivateFrameworks/CommonAuth.framework/Versions/A/CommonAuth
0x0000000058f1a000 	/System/Library/Frameworks/OpenDirectory.framework/Versions/A/Frameworks/CFOpenDirectory.framework/Versions/A/CFOpenDirectory
0x0000000058f1a000 	/System/Library/Frameworks/SecurityFoundation.framework/Versions/A/SecurityFoundation
0x0000000058f1a000 	/System/Library/Frameworks/CoreAudio.framework/Versions/A/CoreAudio
0x0000000058f1a000 	/System/Library/Frameworks/AudioToolbox.framework/Versions/A/AudioToolbox
0x0000000058f1a000 	/System/Library/PrivateFrameworks/LanguageModeling.framework/Versions/A/LanguageModeling
0x0000000058f1a000 	/usr/lib/libmarisa.dylib
0x0000000058f1a000 	/usr/lib/libChineseTokenizer.dylib
0x0000000058f1a000 	/usr/lib/libcmph.dylib
0x0000000058f1a000 	/System/Library/Frameworks/CoreData.framework/Versions/A/CoreData
0x0000000058f1a000 	/System/Library/PrivateFrameworks/CoreEmoji.framework/Versions/A/CoreEmoji
0x0000000058f1a000 	/System/Library/Frameworks/ServiceManagement.framework/Versions/A/ServiceManagement
0x0000000058f1a000 	/usr/lib/libxslt.1.dylib
0x00000001067f4000 	/Library/Java/JavaVirtualMachines/jdk1.8.0_111.jdk/Contents/Home/jre/lib/libzip.dylib
0x000000010ccce000 	/System/Library/Frameworks/JavaVM.framework/Frameworks/JavaRuntimeSupport.framework/JavaRuntimeSupport
0x0000000058f1a000 	/System/Library/Frameworks/QuartzCore.framework/Versions/A/QuartzCore
0x000000010cce8000 	/System/Library/Frameworks/JavaVM.framework/Versions/A/Frameworks/JavaNativeFoundation.framework/Versions/A/JavaNativeFoundation
0x000000010ccfd000 	/System/Library/Frameworks/JavaVM.framework/Versions/A/JavaVM
0x0000000058f1a000 	/System/Library/PrivateFrameworks/CoreUI.framework/Versions/A/CoreUI
0x0000000058f1a000 	/System/Library/Frameworks/Cocoa.framework/Versions/A/Cocoa
0x0000000058f1a000 	/System/Library/Frameworks/Carbon.framework/Versions/A/Carbon
0x0000000058f1a000 	/System/Library/PrivateFrameworks/CoreSymbolication.framework/Versions/A/CoreSymbolication
0x0000000058f1a000 	/System/Library/Frameworks/AppKit.framework/Versions/C/AppKit
0x0000000058f1a000 	/System/Library/Frameworks/CoreImage.framework/Versions/A/CoreImage
0x0000000058f1a000 	/System/Library/Frameworks/CoreVideo.framework/Versions/A/CoreVideo
0x0000000058f1a000 	/System/Library/Frameworks/Metal.framework/Versions/A/Metal
0x0000000058f1a000 	/System/Library/Frameworks/OpenGL.framework/Versions/A/OpenGL
0x0000000058f1a000 	/usr/lib/libFosl_dynamic.dylib
0x0000000058f1a000 	/System/Library/PrivateFrameworks/MetalPerformanceShaders.framework/Versions/A/MetalPerformanceShaders
0x0000000058f1a000 	/System/Library/PrivateFrameworks/FaceCore.framework/Versions/A/FaceCore
0x0000000058f1a000 	/System/Library/Frameworks/OpenCL.framework/Versions/A/OpenCL
0x0000000058f1a000 	/System/Library/PrivateFrameworks/GPUCompiler.framework/libmetal_timestamp.dylib
0x0000000058f1a000 	/System/Library/Frameworks/OpenGL.framework/Versions/A/Libraries/libCoreFSCache.dylib
0x0000000058f1a000 	/System/Library/PrivateFrameworks/IOAccelerator.framework/Versions/A/IOAccelerator
0x0000000058f1a000 	/System/Library/Frameworks/OpenGL.framework/Versions/A/Libraries/libGLU.dylib
0x0000000058f1a000 	/System/Library/Frameworks/OpenGL.framework/Versions/A/Libraries/libGFXShared.dylib
0x0000000058f1a000 	/System/Library/Frameworks/OpenGL.framework/Versions/A/Libraries/libGL.dylib
0x0000000058f1a000 	/System/Library/Frameworks/OpenGL.framework/Versions/A/Libraries/libGLImage.dylib
0x0000000058f1a000 	/System/Library/Frameworks/OpenGL.framework/Versions/A/Libraries/libCVMSPluginSupport.dylib
0x0000000058f1a000 	/System/Library/Frameworks/OpenGL.framework/Versions/A/Libraries/libCoreVMClient.dylib
0x0000000058f1a000 	/System/Library/PrivateFrameworks/RemoteViewServices.framework/Versions/A/RemoteViewServices
0x0000000058f1a000 	/System/Library/PrivateFrameworks/UIFoundation.framework/Versions/A/UIFoundation
0x0000000058f1a000 	/System/Library/PrivateFrameworks/DFRFoundation.framework/Versions/A/DFRFoundation
0x0000000058f1a000 	/System/Library/PrivateFrameworks/SkyLight.framework/Versions/A/SkyLight
0x0000000058f1a000 	/usr/lib/libScreenReader.dylib
0x0000000058f1a000 	/System/Library/Frameworks/AudioUnit.framework/Versions/A/AudioUnit
0x0000000058f1a000 	/System/Library/PrivateFrameworks/DataDetectorsCore.framework/Versions/A/DataDetectorsCore
0x0000000058f1a000 	/System/Library/PrivateFrameworks/DesktopServicesPriv.framework/Versions/A/DesktopServicesPriv
0x0000000058f1a000 	/System/Library/Frameworks/Carbon.framework/Versions/A/Frameworks/HIToolbox.framework/Versions/A/HIToolbox
0x0000000058f1a000 	/System/Library/Frameworks/Carbon.framework/Versions/A/Frameworks/SpeechRecognition.framework/Versions/A/SpeechRecognition
0x0000000058f1a000 	/System/Library/PrivateFrameworks/PerformanceAnalysis.framework/Versions/A/PerformanceAnalysis
0x0000000058f1a000 	/System/Library/PrivateFrameworks/GenerationalStorage.framework/Versions/A/GenerationalStorage
0x0000000058f1a000 	/System/Library/PrivateFrameworks/Backup.framework/Versions/A/Backup
0x0000000058f1a000 	/System/Library/Frameworks/Carbon.framework/Versions/A/Frameworks/Ink.framework/Versions/A/Ink
0x0000000058f1a000 	/System/Library/PrivateFrameworks/TextureIO.framework/Versions/A/TextureIO
0x0000000058f1a000 	/usr/lib/libate.dylib
0x0000000058f1a000 	/System/Library/PrivateFrameworks/CrashReporterSupport.framework/Versions/A/CrashReporterSupport
0x0000000058f1a000 	/System/Library/PrivateFrameworks/Sharing.framework/Versions/A/Sharing
0x0000000058f1a000 	/System/Library/PrivateFrameworks/IconServices.framework/Versions/A/IconServices
0x0000000058f1a000 	/System/Library/PrivateFrameworks/ProtocolBuffer.framework/Versions/A/ProtocolBuffer
0x0000000058f1a000 	/System/Library/PrivateFrameworks/Apple80211.framework/Versions/A/Apple80211
0x0000000058f1a000 	/System/Library/Frameworks/CoreWLAN.framework/Versions/A/CoreWLAN
0x0000000058f1a000 	/System/Library/PrivateFrameworks/CoreUtils.framework/Versions/A/CoreUtils
0x0000000058f1a000 	/System/Library/Frameworks/IOBluetooth.framework/Versions/A/IOBluetooth
0x0000000058f1a000 	/System/Library/PrivateFrameworks/CoreWiFi.framework/Versions/A/CoreWiFi
0x0000000058f1a000 	/System/Library/Frameworks/CoreBluetooth.framework/Versions/A/CoreBluetooth
0x0000000058f1a000 	/System/Library/Frameworks/CoreDisplay.framework/Versions/A/CoreDisplay
0x0000000058f1a000 	/System/Library/PrivateFrameworks/IOPresentment.framework/Versions/A/IOPresentment
0x0000000058f1a000 	/System/Library/PrivateFrameworks/DebugSymbols.framework/Versions/A/DebugSymbols
0x0000000058f1a000 	/System/Library/PrivateFrameworks/Symbolication.framework/Versions/A/Symbolication
0x0000000058f1a000 	/System/Library/PrivateFrameworks/AppleFSCompression.framework/Versions/A/AppleFSCompression
0x0000000058f1a000 	/System/Library/PrivateFrameworks/SpeechRecognitionCore.framework/Versions/A/SpeechRecognitionCore
0x0000000058f1a000 	/System/Library/PrivateFrameworks/ChunkingLibrary.framework/Versions/A/ChunkingLibrary
0x000000010cd0a000 	/System/Library/PrivateFrameworks/JavaLaunching.framework/Versions/A/JavaLaunching
0x0000000058f1a000 	/System/Library/Frameworks/Carbon.framework/Versions/A/Frameworks/CommonPanels.framework/Versions/A/CommonPanels
0x0000000058f1a000 	/System/Library/Frameworks/Carbon.framework/Versions/A/Frameworks/Help.framework/Versions/A/Help
0x0000000058f1a000 	/System/Library/Frameworks/Carbon.framework/Versions/A/Frameworks/ImageCapture.framework/Versions/A/ImageCapture
0x0000000058f1a000 	/System/Library/Frameworks/Carbon.framework/Versions/A/Frameworks/OpenScripting.framework/Versions/A/OpenScripting
0x0000000058f1a000 	/System/Library/Frameworks/Carbon.framework/Versions/A/Frameworks/Print.framework/Versions/A/Print
0x0000000058f1a000 	/System/Library/Frameworks/Carbon.framework/Versions/A/Frameworks/SecurityHI.framework/Versions/A/SecurityHI

VM Arguments:
java_command: <unknown>
java_class_path (initial): /Users/hong/Documents/topic-analysis/node_modules/java/commons-lang3-node-java.jar:/Users/hong/Documents/topic-analysis/node_modules/java/src-java:commons-lang3-3.1.jar:commons-io.jar:./jars/nlptoolkit.jar
Launcher Type: generic

Environment Variables:
PATH=/usr/local/lib/node_modules/npm/bin/node-gyp-bin:/Users/hong/Documents/topic-analysis/node_modules/.bin:/usr/local/bin:/usr/bin:/bin:/usr/sbin:/sbin
SHELL=/bin/bash

Signal Handlers:
SIGSEGV: [libjvm.dylib+0x5b03ed], sa_mask[0]=11111111011111110111111111111111, sa_flags=SA_ONSTACK|SA_RESTART|SA_SIGINFO
SIGBUS: [libjvm.dylib+0x5b03ed], sa_mask[0]=11111111011111110111111111111111, sa_flags=SA_RESTART|SA_SIGINFO
SIGFPE: [libjvm.dylib+0x48711c], sa_mask[0]=11111111011111110111111111111111, sa_flags=SA_RESTART|SA_SIGINFO
SIGPIPE: [libjvm.dylib+0x48711c], sa_mask[0]=11111111011111110111111111111111, sa_flags=SA_RESTART|SA_SIGINFO
SIGXFSZ: [libjvm.dylib+0x48711c], sa_mask[0]=11111111011111110111111111111111, sa_flags=SA_RESTART|SA_SIGINFO
SIGILL: [libjvm.dylib+0x48711c], sa_mask[0]=11111111011111110111111111111111, sa_flags=SA_RESTART|SA_SIGINFO
SIGUSR1: [node+0x9d5a22], sa_mask[0]=11111111011111110111111111111111, sa_flags=none
SIGUSR2: [libjvm.dylib+0x486c3a], sa_mask[0]=00000000000000000000000000000000, sa_flags=SA_RESTART|SA_SIGINFO
SIGHUP: [libjvm.dylib+0x485211], sa_mask[0]=11111111011111110111111111111111, sa_flags=SA_RESTART|SA_SIGINFO
SIGINT: [libjvm.dylib+0x485211], sa_mask[0]=11111111011111110111111111111111, sa_flags=SA_RESTART|SA_SIGINFO
SIGTERM: [libjvm.dylib+0x485211], sa_mask[0]=11111111011111110111111111111111, sa_flags=SA_RESTART|SA_SIGINFO
SIGQUIT: [libjvm.dylib+0x485211], sa_mask[0]=11111111011111110111111111111111, sa_flags=SA_RESTART|SA_SIGINFO


---------------  S Y S T E M  ---------------

OS:Bsduname:Darwin 16.4.0 Darwin Kernel Version 16.4.0: Thu Dec 22 22:53:21 PST 2016; root:xnu-3789.41.3~3/RELEASE_X86_64 x86_64
rlimit: STACK 8192k, CORE 0k, NPROC 709, NOFILE 10240, AS infinity
load average:2.05 1.98 1.95

CPU:total 8 (4 cores per cpu, 2 threads per core) family 6 model 94 stepping 3, cmov, cx8, fxsr, mmx, sse, sse2, sse3, ssse3, sse4.1, sse4.2, popcnt, avx, avx2, aes, clmul, erms, rtm, 3dnowpref, lzcnt, ht, tsc, tscinvbit, bmi1, bmi2, adx

Memory: 4k page, physical 16777216k(455912k free)

/proc/meminfo:


vm_info: Java HotSpot(TM) 64-Bit Server VM (25.111-b14) for bsd-amd64 JRE (1.8.0_111-b14), built on Sep 22 2016 15:31:41 by "java_re" with gcc 4.2.1 (Based on Apple Inc. build 5658) (LLVM build 2336.11.00)

time: Thu Feb  2 23:35:36 2017
elapsed time: 0 seconds (0d 0h 0m 0s)

